<?xml version="1.0" encoding="UTF-8"?>
<!-- Generated by org.testng.reporters.JUnitXMLReporter -->
<testsuite hostname="DESKTOP-OUBE3OH" failures="0" tests="6" name="Test" time="359.223" errors="0" timestamp="30 Jan 2024 17:51:35 GMT">
  <testcase classname="org.testing.TestScripts.Final_TC1" name="Trending_Click" time="3.538"/>
  <testcase classname="org.testing.TestScripts.Final_TC2" name="Click_History" time="2.242"/>
  <testcase classname="org.testing.TestScripts.Final_TC3" name="Click_Subscription" time="2.266"/>
  <testcase classname="org.testing.TestScripts.Final_TC5" name="VideoPlay_and_Channel_Subscribe" time="6.32"/>
  <testcase classname="org.testing.TestScripts.Final_TC7" name="Click_Watch_Later" time="2.241"/>
  <testcase classname="org.testing.TestScripts.Final_TC8" name="Click_Learning" time="2.318"/>
</testsuite> <!-- Test -->
