<?xml version="1.0" encoding="UTF-8"?>
<testsuite xmlns:xsi="http://www.w3.org/2001/XMLSchema-instance" xsi:noNamespaceSchemaLocation="https://maven.apache.org/surefire/maven-surefire-plugin/xsd/surefire-test-report.xsd" name="TestSuite" time="360.774" tests="6" errors="0" skipped="0" failures="0">
  <properties>
[...]
</properties>
  <testcase name="Trending_Click" classname="org.testing.TestScripts.Final_TC1" time="3.538"/>
  <testcase name="Click_History" classname="org.testing.TestScripts.Final_TC2" time="2.242"/>
  <testcase name="Click_Subscription" classname="org.testing.TestScripts.Final_TC3" time="2.266"/>
  <testcase name="VideoPlay_and_Channel_Subscribe" classname="org.testing.TestScripts.Final_TC5" time="6.321"/>
  <testcase name="Click_Watch_Later" classname="org.testing.TestScripts.Final_TC7" time="2.242"/>
  <testcase name="Click_Learning" classname="org.testing.TestScripts.Final_TC8" time="2.318"/>
</testsuite>