<?xml version="1.0" encoding="UTF-8"?>
<testng-results total="6" passed="6" failed="0" skipped="0">
  <reporter-output>
  </reporter-output>
  <suite started-at="2024-01-30T17:45:35Z" name="Suite1" finished-at="2024-01-30T17:51:35Z" duration-ms="359223">
    <groups>
    </groups>
    <test started-at="2024-01-30T17:45:35Z" name="Test" finished-at="2024-01-30T17:51:35Z" duration-ms="359223">
      <class name="org.testing.TestScripts.Final_TC1">
        <test-method is-config="true" signature="browser_launch()[pri:0, instance:org.testing.TestScripts.Final_TC1@734cf881]" started-at="2024-01-30T09:45:35Z" name="browser_launch" finished-at="2024-01-30T09:45:44Z" duration-ms="9154" status="PASS">
          <reporter-output>
          </reporter-output>
        </test-method> <!-- browser_launch -->
        <test-method is-config="true" signature="TestCase_TC1_Login()[pri:0, instance:org.testing.TestScripts.Final_TC1@734cf881]" started-at="2024-01-30T09:45:44Z" name="TestCase_TC1_Login" finished-at="2024-01-30T09:46:24Z" duration-ms="39445" status="PASS">
          <reporter-output>
          </reporter-output>
        </test-method> <!-- TestCase_TC1_Login -->
        <test-method signature="Trending_Click()[pri:1, instance:org.testing.TestScripts.Final_TC1@734cf881]" started-at="2024-01-30T09:46:24Z" name="Trending_Click" finished-at="2024-01-30T09:46:27Z" duration-ms="3538" status="PASS">
          <reporter-output>
          </reporter-output>
        </test-method> <!-- Trending_Click -->
        <test-method is-config="true" signature="TestCase_TC1_Logout()[pri:0, instance:org.testing.TestScripts.Final_TC1@734cf881]" started-at="2024-01-30T09:46:27Z" name="TestCase_TC1_Logout" finished-at="2024-01-30T09:46:38Z" duration-ms="10794" status="PASS">
          <reporter-output>
          </reporter-output>
        </test-method> <!-- TestCase_TC1_Logout -->
        <test-method is-config="true" signature="browser_close()[pri:0, instance:org.testing.TestScripts.Final_TC1@734cf881]" started-at="2024-01-30T09:46:38Z" name="browser_close" finished-at="2024-01-30T09:46:40Z" duration-ms="1726" status="PASS">
          <reporter-output>
          </reporter-output>
        </test-method> <!-- browser_close -->
      </class> <!-- org.testing.TestScripts.Final_TC1 -->
      <class name="org.testing.TestScripts.Final_TC2">
        <test-method is-config="true" signature="browser_launch()[pri:0, instance:org.testing.TestScripts.Final_TC2@31f5b923]" started-at="2024-01-30T09:46:40Z" name="browser_launch" finished-at="2024-01-30T09:46:49Z" duration-ms="8531" status="PASS">
          <reporter-output>
          </reporter-output>
        </test-method> <!-- browser_launch -->
        <test-method is-config="true" signature="TestCase_TC1_Login()[pri:0, instance:org.testing.TestScripts.Final_TC2@31f5b923]" started-at="2024-01-30T09:46:49Z" name="TestCase_TC1_Login" finished-at="2024-01-30T09:47:27Z" duration-ms="38491" status="PASS">
          <reporter-output>
          </reporter-output>
        </test-method> <!-- TestCase_TC1_Login -->
        <test-method signature="Click_History()[pri:2, instance:org.testing.TestScripts.Final_TC2@31f5b923]" started-at="2024-01-30T09:47:27Z" name="Click_History" finished-at="2024-01-30T09:47:29Z" duration-ms="2242" status="PASS">
          <reporter-output>
          </reporter-output>
        </test-method> <!-- Click_History -->
        <test-method is-config="true" signature="TestCase_TC1_Logout()[pri:0, instance:org.testing.TestScripts.Final_TC2@31f5b923]" started-at="2024-01-30T09:47:29Z" name="TestCase_TC1_Logout" finished-at="2024-01-30T09:47:37Z" duration-ms="7426" status="PASS">
          <reporter-output>
          </reporter-output>
        </test-method> <!-- TestCase_TC1_Logout -->
        <test-method is-config="true" signature="browser_close()[pri:0, instance:org.testing.TestScripts.Final_TC2@31f5b923]" started-at="2024-01-30T09:47:37Z" name="browser_close" finished-at="2024-01-30T09:47:37Z" duration-ms="454" status="PASS">
          <reporter-output>
          </reporter-output>
        </test-method> <!-- browser_close -->
      </class> <!-- org.testing.TestScripts.Final_TC2 -->
      <class name="org.testing.TestScripts.Final_TC3">
        <test-method is-config="true" signature="browser_launch()[pri:0, instance:org.testing.TestScripts.Final_TC3@79e2606f]" started-at="2024-01-30T09:47:37Z" name="browser_launch" finished-at="2024-01-30T09:47:46Z" duration-ms="8632" status="PASS">
          <reporter-output>
          </reporter-output>
        </test-method> <!-- browser_launch -->
        <test-method is-config="true" signature="TestCase_TC1_Login()[pri:0, instance:org.testing.TestScripts.Final_TC3@79e2606f]" started-at="2024-01-30T09:47:46Z" name="TestCase_TC1_Login" finished-at="2024-01-30T09:48:24Z" duration-ms="37812" status="PASS">
          <reporter-output>
          </reporter-output>
        </test-method> <!-- TestCase_TC1_Login -->
        <test-method signature="Click_Subscription()[pri:3, instance:org.testing.TestScripts.Final_TC3@79e2606f]" started-at="2024-01-30T09:48:24Z" name="Click_Subscription" finished-at="2024-01-30T09:48:26Z" duration-ms="2266" status="PASS">
          <reporter-output>
          </reporter-output>
        </test-method> <!-- Click_Subscription -->
        <test-method is-config="true" signature="TestCase_TC1_Logout()[pri:0, instance:org.testing.TestScripts.Final_TC3@79e2606f]" started-at="2024-01-30T09:48:26Z" name="TestCase_TC1_Logout" finished-at="2024-01-30T09:48:35Z" duration-ms="9506" status="PASS">
          <reporter-output>
          </reporter-output>
        </test-method> <!-- TestCase_TC1_Logout -->
        <test-method is-config="true" signature="browser_close()[pri:0, instance:org.testing.TestScripts.Final_TC3@79e2606f]" started-at="2024-01-30T09:48:35Z" name="browser_close" finished-at="2024-01-30T09:48:36Z" duration-ms="228" status="PASS">
          <reporter-output>
          </reporter-output>
        </test-method> <!-- browser_close -->
      </class> <!-- org.testing.TestScripts.Final_TC3 -->
      <class name="org.testing.TestScripts.Final_TC5">
        <test-method is-config="true" signature="browser_launch()[pri:0, instance:org.testing.TestScripts.Final_TC5@15d58530]" started-at="2024-01-30T09:48:36Z" name="browser_launch" finished-at="2024-01-30T09:48:44Z" duration-ms="8469" status="PASS">
          <reporter-output>
          </reporter-output>
        </test-method> <!-- browser_launch -->
        <test-method is-config="true" signature="TestCase_TC1_Login()[pri:0, instance:org.testing.TestScripts.Final_TC5@15d58530]" started-at="2024-01-30T09:48:44Z" name="TestCase_TC1_Login" finished-at="2024-01-30T09:49:23Z" duration-ms="38667" status="PASS">
          <reporter-output>
          </reporter-output>
        </test-method> <!-- TestCase_TC1_Login -->
        <test-method signature="VideoPlay_and_Channel_Subscribe()[pri:5, instance:org.testing.TestScripts.Final_TC5@15d58530]" started-at="2024-01-30T09:49:23Z" name="VideoPlay_and_Channel_Subscribe" finished-at="2024-01-30T09:49:29Z" duration-ms="6320" status="PASS">
          <reporter-output>
          </reporter-output>
        </test-method> <!-- VideoPlay_and_Channel_Subscribe -->
        <test-method is-config="true" signature="TestCase_TC1_Logout()[pri:0, instance:org.testing.TestScripts.Final_TC5@15d58530]" started-at="2024-01-30T09:49:29Z" name="TestCase_TC1_Logout" finished-at="2024-01-30T09:49:37Z" duration-ms="8396" status="PASS">
          <reporter-output>
          </reporter-output>
        </test-method> <!-- TestCase_TC1_Logout -->
        <test-method is-config="true" signature="browser_close()[pri:0, instance:org.testing.TestScripts.Final_TC5@15d58530]" started-at="2024-01-30T09:49:37Z" name="browser_close" finished-at="2024-01-30T09:49:38Z" duration-ms="353" status="PASS">
          <reporter-output>
          </reporter-output>
        </test-method> <!-- browser_close -->
      </class> <!-- org.testing.TestScripts.Final_TC5 -->
      <class name="org.testing.TestScripts.Final_TC7">
        <test-method is-config="true" signature="browser_launch()[pri:0, instance:org.testing.TestScripts.Final_TC7@537b3be1]" started-at="2024-01-30T09:49:38Z" name="browser_launch" finished-at="2024-01-30T09:49:46Z" duration-ms="8395" status="PASS">
          <reporter-output>
          </reporter-output>
        </test-method> <!-- browser_launch -->
        <test-method is-config="true" signature="TestCase_TC1_Login()[pri:0, instance:org.testing.TestScripts.Final_TC7@537b3be1]" started-at="2024-01-30T09:49:46Z" name="TestCase_TC1_Login" finished-at="2024-01-30T09:50:25Z" duration-ms="38893" status="PASS">
          <reporter-output>
          </reporter-output>
        </test-method> <!-- TestCase_TC1_Login -->
        <test-method signature="Click_Watch_Later()[pri:7, instance:org.testing.TestScripts.Final_TC7@537b3be1]" started-at="2024-01-30T09:50:25Z" name="Click_Watch_Later" finished-at="2024-01-30T09:50:27Z" duration-ms="2241" status="PASS">
          <reporter-output>
          </reporter-output>
        </test-method> <!-- Click_Watch_Later -->
        <test-method is-config="true" signature="TestCase_TC1_Logout()[pri:0, instance:org.testing.TestScripts.Final_TC7@537b3be1]" started-at="2024-01-30T09:50:27Z" name="TestCase_TC1_Logout" finished-at="2024-01-30T09:50:35Z" duration-ms="7801" status="PASS">
          <reporter-output>
          </reporter-output>
        </test-method> <!-- TestCase_TC1_Logout -->
        <test-method is-config="true" signature="browser_close()[pri:0, instance:org.testing.TestScripts.Final_TC7@537b3be1]" started-at="2024-01-30T09:50:35Z" name="browser_close" finished-at="2024-01-30T09:50:35Z" duration-ms="278" status="PASS">
          <reporter-output>
          </reporter-output>
        </test-method> <!-- browser_close -->
      </class> <!-- org.testing.TestScripts.Final_TC7 -->
      <class name="org.testing.TestScripts.Final_TC8">
        <test-method is-config="true" signature="browser_launch()[pri:0, instance:org.testing.TestScripts.Final_TC8@8d810f2]" started-at="2024-01-30T09:50:35Z" name="browser_launch" finished-at="2024-01-30T09:50:44Z" duration-ms="8429" status="PASS">
          <reporter-output>
          </reporter-output>
        </test-method> <!-- browser_launch -->
        <test-method is-config="true" signature="TestCase_TC1_Login()[pri:0, instance:org.testing.TestScripts.Final_TC8@8d810f2]" started-at="2024-01-30T09:50:44Z" name="TestCase_TC1_Login" finished-at="2024-01-30T09:51:23Z" duration-ms="38817" status="PASS">
          <reporter-output>
          </reporter-output>
        </test-method> <!-- TestCase_TC1_Login -->
        <test-method signature="Click_Learning()[pri:8, instance:org.testing.TestScripts.Final_TC8@8d810f2]" started-at="2024-01-30T09:51:23Z" name="Click_Learning" finished-at="2024-01-30T09:51:25Z" duration-ms="2318" status="PASS">
          <reporter-output>
          </reporter-output>
        </test-method> <!-- Click_Learning -->
        <test-method is-config="true" signature="TestCase_TC1_Logout()[pri:0, instance:org.testing.TestScripts.Final_TC8@8d810f2]" started-at="2024-01-30T09:51:25Z" name="TestCase_TC1_Logout" finished-at="2024-01-30T09:51:34Z" duration-ms="9225" status="PASS">
          <reporter-output>
          </reporter-output>
        </test-method> <!-- TestCase_TC1_Logout -->
        <test-method is-config="true" signature="browser_close()[pri:0, instance:org.testing.TestScripts.Final_TC8@8d810f2]" started-at="2024-01-30T09:51:34Z" name="browser_close" finished-at="2024-01-30T09:51:35Z" duration-ms="339" status="PASS">
          <reporter-output>
          </reporter-output>
        </test-method> <!-- browser_close -->
      </class> <!-- org.testing.TestScripts.Final_TC8 -->
    </test> <!-- Test -->
  </suite> <!-- Suite1 -->
</testng-results>
